0 verbose cli /usr/local/bin/node /usr/local/bin/npm
1 info using npm@9.6.7
2 info using node@v18.17.0
3 timing npm:load:whichnode Completed in 3ms
4 timing config:load:defaults Completed in 2ms
5 timing config:load:file:/usr/local/lib/node_modules/npm/npmrc Completed in 2ms
6 timing config:load:builtin Completed in 3ms
7 timing config:load:cli Completed in 3ms
8 timing config:load:env Completed in 0ms
9 timing config:load:file:/Users/matthewtroughton/Library/Caches/typescript/5.4/.npmrc Completed in 0ms
10 timing config:load:project Completed in 3ms
11 timing config:load:file:/Users/matthewtroughton/.npmrc Completed in 1ms
12 timing config:load:user Completed in 1ms
13 timing config:load:file:/usr/local/etc/npmrc Completed in 1ms
14 timing config:load:global Completed in 2ms
15 timing config:load:setEnvs Completed in 2ms
16 timing config:load Completed in 17ms
17 timing npm:load:configload Completed in 17ms
18 timing npm:load:mkdirpcache Completed in 0ms
19 timing npm:load:mkdirplogs Completed in 0ms
20 verbose title npm install types-registry@latest
21 verbose argv "install" "--ignore-scripts" "types-registry@latest"
22 timing npm:load:setTitle Completed in 35ms
23 timing config:load:flatten Completed in 5ms
24 timing npm:load:display Completed in 6ms
25 verbose logfile logs-max:10 dir:/Users/matthewtroughton/.npm/_logs/2024-05-26T22_26_20_399Z-
26 verbose logfile /Users/matthewtroughton/.npm/_logs/2024-05-26T22_26_20_399Z-debug-0.log
27 timing npm:load:logFile Completed in 15ms
28 timing npm:load:timers Completed in 0ms
29 timing npm:load:configScope Completed in 0ms
30 timing npm:load Completed in 78ms
31 timing arborist:ctor Completed in 1ms
32 silly logfile done cleaning log files
33 timing arborist:ctor Completed in 0ms
34 timing idealTree:init Completed in 18ms
35 http fetch GET 200 https://registry.npmjs.org/types-registry 360ms (cache miss)
36 timing idealTree:userRequests Completed in 401ms
37 silly idealTree buildDeps
38 silly fetch manifest types-registry@0.1.685
39 silly placeDep ROOT types-registry@0.1.685 OK for:  want: 0.1.685
40 timing idealTree:#root Completed in 21ms
41 timing idealTree:node_modules/types-registry Completed in 0ms
42 timing idealTree:buildDeps Completed in 31ms
43 timing idealTree:fixDepFlags Completed in 1ms
44 timing idealTree Completed in 454ms
45 timing reify:loadTrees Completed in 454ms
46 timing reify:diffTrees Completed in 7ms
47 silly reify moves {}
48 timing reify:retireShallow Completed in 18ms
49 timing reify:createSparse Completed in 2ms
50 timing reify:loadBundles Completed in 0ms
51 silly audit bulk request { 'types-registry': [ '0.1.685' ] }
52 silly tarball no local data for types-registry@https://registry.npmjs.org/types-registry/-/types-registry-0.1.685.tgz. Extracting by manifest.
53 http fetch GET 200 https://registry.npmjs.org/npm 639ms (cache miss)
54 http fetch POST 200 https://registry.npmjs.org/-/npm/v1/security/advisories/bulk 105ms
55 timing auditReport:getReport Completed in 108ms
56 silly audit report {}
57 timing auditReport:init Completed in 0ms
58 timing reify:audit Completed in 108ms
59 http fetch GET 200 https://registry.npmjs.org/types-registry/-/types-registry-0.1.685.tgz 128ms (cache miss)
60 timing reifyNode:node_modules/types-registry Completed in 142ms
61 timing reify:unpack Completed in 143ms
62 timing reify:unretire Completed in 0ms
63 timing build:queue Completed in 0ms
64 timing build:deps Completed in 1ms
65 timing build Completed in 2ms
66 timing reify:build Completed in 2ms
67 timing reify:trash Completed in 0ms
68 timing reify:save Completed in 6ms
69 timing reify Completed in 777ms
70 silly ADD node_modules/types-registry
71 timing command:install Completed in 783ms
72 notice
72 notice New major version of npm available! 9.6.7 -> 10.8.0
72 notice Changelog: <https://github.com/npm/cli/releases/tag/v10.8.0>
72 notice Run `npm install -g npm@10.8.0` to update!
72 notice
73 verbose exit 0
74 timing npm Completed in 1414ms
75 info ok
